voxel_monitors.npy
loaded
voxel_toilets.npy
loaded
voxel_desks.npy
loaded
voxel_chairs.npy
loaded
voxel_bathtubs.npy
loaded
voxel_beds.npy
loaded
==> EPOCH N*0
tensor(0.0299, device='cuda:0', grad_fn=<MeanBackward0>)
==> EPOCH N*1
tensor(0.0167, device='cuda:0', grad_fn=<MeanBackward0>)
==> EPOCH N*2
tensor(0.0148, device='cuda:0', grad_fn=<MeanBackward0>)
==> EPOCH N*3
tensor(0.0133, device='cuda:0', grad_fn=<MeanBackward0>)
==> EPOCH N*4
tensor(0.0056, device='cuda:0', grad_fn=<MeanBackward0>)
==> EPOCH N*5
tensor(0.0011, device='cuda:0', grad_fn=<MeanBackward0>)
==> EPOCH N*6
tensor(0.0006, device='cuda:0', grad_fn=<MeanBackward0>)
==> EPOCH N*7
tensor(0.0037, device='cuda:0', grad_fn=<MeanBackward0>)
==> EPOCH N*8
tensor(0.0020, device='cuda:0', grad_fn=<MeanBackward0>)
==> EPOCH N*9
tensor(0.0006, device='cuda:0', grad_fn=<MeanBackward0>)
==> EPOCH N*10
tensor(0.0023, device='cuda:0', grad_fn=<MeanBackward0>)
==> EPOCH N*11
tensor(0.0100, device='cuda:0', grad_fn=<MeanBackward0>)
==> EPOCH N*12
tensor(0.0018, device='cuda:0', grad_fn=<MeanBackward0>)
==> EPOCH N*13
tensor(0.0033, device='cuda:0', grad_fn=<MeanBackward0>)
==> EPOCH N*14
tensor(0.0045, device='cuda:0', grad_fn=<MeanBackward0>)
==> EPOCH N*15
tensor(0.0011, device='cuda:0', grad_fn=<MeanBackward0>)
==> EPOCH N*16
tensor(0.0001, device='cuda:0', grad_fn=<MeanBackward0>)
==> EPOCH N*17
tensor(0.0028, device='cuda:0', grad_fn=<MeanBackward0>)
==> EPOCH N*18
tensor(0.0010, device='cuda:0', grad_fn=<MeanBackward0>)
==> EPOCH N*19
tensor(0.0011, device='cuda:0', grad_fn=<MeanBackward0>)
==> EPOCH N*20
tensor(0.0011, device='cuda:0', grad_fn=<MeanBackward0>)
==> EPOCH N*21
tensor(0.0025, device='cuda:0', grad_fn=<MeanBackward0>)
==> EPOCH N*22
tensor(0.0007, device='cuda:0', grad_fn=<MeanBackward0>)
==> EPOCH N*23
tensor(0.0055, device='cuda:0', grad_fn=<MeanBackward0>)
==> EPOCH N*24
tensor(0.0005, device='cuda:0', grad_fn=<MeanBackward0>)
==> EPOCH N*25
tensor(0.0006, device='cuda:0', grad_fn=<MeanBackward0>)
==> EPOCH N*26
tensor(6.3466e-05, device='cuda:0', grad_fn=<MeanBackward0>)
==> EPOCH N*27
tensor(0.0012, device='cuda:0', grad_fn=<MeanBackward0>)
==> EPOCH N*28
tensor(0.0001, device='cuda:0', grad_fn=<MeanBackward0>)
==> EPOCH N*29
tensor(0.0062, device='cuda:0', grad_fn=<MeanBackward0>)
==> EPOCH N*30
tensor(0.0041, device='cuda:0', grad_fn=<MeanBackward0>)
==> EPOCH N*31
tensor(0.0012, device='cuda:0', grad_fn=<MeanBackward0>)
==> EPOCH N*32
tensor(0.0001, device='cuda:0', grad_fn=<MeanBackward0>)
==> EPOCH N*33
tensor(0.0007, device='cuda:0', grad_fn=<MeanBackward0>)
==> EPOCH N*34
tensor(0.0040, device='cuda:0', grad_fn=<MeanBackward0>)
==> EPOCH N*35
tensor(0.0017, device='cuda:0', grad_fn=<MeanBackward0>)
==> EPOCH N*36
tensor(0.0002, device='cuda:0', grad_fn=<MeanBackward0>)
==> EPOCH N*37
tensor(0.0044, device='cuda:0', grad_fn=<MeanBackward0>)
==> EPOCH N*38
tensor(0.0015, device='cuda:0', grad_fn=<MeanBackward0>)
==> EPOCH N*39
tensor(0.0019, device='cuda:0', grad_fn=<MeanBackward0>)
==> EPOCH N*40
tensor(0.0009, device='cuda:0', grad_fn=<MeanBackward0>)
==> EPOCH N*41
tensor(0.0011, device='cuda:0', grad_fn=<MeanBackward0>)
==> EPOCH N*42
tensor(0.0019, device='cuda:0', grad_fn=<MeanBackward0>)
==> EPOCH N*43
tensor(0.0016, device='cuda:0', grad_fn=<MeanBackward0>)
==> EPOCH N*44
tensor(0.0018, device='cuda:0', grad_fn=<MeanBackward0>)
==> EPOCH N*45
tensor(0.0018, device='cuda:0', grad_fn=<MeanBackward0>)
==> EPOCH N*46
tensor(0.0032, device='cuda:0', grad_fn=<MeanBackward0>)
==> EPOCH N*47
tensor(0.0011, device='cuda:0', grad_fn=<MeanBackward0>)
==> EPOCH N*48
tensor(0.0004, device='cuda:0', grad_fn=<MeanBackward0>)
==> EPOCH N*49
tensor(0.0008, device='cuda:0', grad_fn=<MeanBackward0>)
==> EPOCH N*50
tensor(0.0005, device='cuda:0', grad_fn=<MeanBackward0>)
==> EPOCH N*51
tensor(0.0006, device='cuda:0', grad_fn=<MeanBackward0>)
==> EPOCH N*52
tensor(0.0049, device='cuda:0', grad_fn=<MeanBackward0>)
==> EPOCH N*53
tensor(0.0006, device='cuda:0', grad_fn=<MeanBackward0>)
==> EPOCH N*54
tensor(0.0003, device='cuda:0', grad_fn=<MeanBackward0>)
==> EPOCH N*55
tensor(0.0007, device='cuda:0', grad_fn=<MeanBackward0>)
==> EPOCH N*56
tensor(0.0006, device='cuda:0', grad_fn=<MeanBackward0>)
==> EPOCH N*57
tensor(0.0017, device='cuda:0', grad_fn=<MeanBackward0>)
==> EPOCH N*58
tensor(0.0002, device='cuda:0', grad_fn=<MeanBackward0>)
==> EPOCH N*59
tensor(0.0010, device='cuda:0', grad_fn=<MeanBackward0>)
==> EPOCH N*60
tensor(0.0031, device='cuda:0', grad_fn=<MeanBackward0>)
==> EPOCH N*61
tensor(0.0003, device='cuda:0', grad_fn=<MeanBackward0>)
==> EPOCH N*62
tensor(0.0009, device='cuda:0', grad_fn=<MeanBackward0>)
==> EPOCH N*63
tensor(0.0002, device='cuda:0', grad_fn=<MeanBackward0>)
==> EPOCH N*64
tensor(0.0010, device='cuda:0', grad_fn=<MeanBackward0>)
==> EPOCH N*65
tensor(0.0006, device='cuda:0', grad_fn=<MeanBackward0>)
==> EPOCH N*66
tensor(0.0015, device='cuda:0', grad_fn=<MeanBackward0>)
==> EPOCH N*67
tensor(0.0003, device='cuda:0', grad_fn=<MeanBackward0>)
==> EPOCH N*68
tensor(0.0002, device='cuda:0', grad_fn=<MeanBackward0>)
==> EPOCH N*69
tensor(0.0010, device='cuda:0', grad_fn=<MeanBackward0>)
==> EPOCH N*70
tensor(0.0010, device='cuda:0', grad_fn=<MeanBackward0>)
==> EPOCH N*71
tensor(5.4017e-05, device='cuda:0', grad_fn=<MeanBackward0>)
==> EPOCH N*72
tensor(0.0017, device='cuda:0', grad_fn=<MeanBackward0>)
==> EPOCH N*73
tensor(0.0028, device='cuda:0', grad_fn=<MeanBackward0>)
==> EPOCH N*74
tensor(0.0001, device='cuda:0', grad_fn=<MeanBackward0>)
==> EPOCH N*75
tensor(0.0017, device='cuda:0', grad_fn=<MeanBackward0>)
==> EPOCH N*76
tensor(0.0011, device='cuda:0', grad_fn=<MeanBackward0>)
==> EPOCH N*77
tensor(0.0012, device='cuda:0', grad_fn=<MeanBackward0>)
==> EPOCH N*78
tensor(0.0008, device='cuda:0', grad_fn=<MeanBackward0>)
==> EPOCH N*79
tensor(6.0122e-05, device='cuda:0', grad_fn=<MeanBackward0>)
==> EPOCH N*80
tensor(0.0012, device='cuda:0', grad_fn=<MeanBackward0>)
==> EPOCH N*81
tensor(0.0002, device='cuda:0', grad_fn=<MeanBackward0>)
==> EPOCH N*82
tensor(0.0010, device='cuda:0', grad_fn=<MeanBackward0>)
==> EPOCH N*83
tensor(0.0003, device='cuda:0', grad_fn=<MeanBackward0>)
==> EPOCH N*84
tensor(0.0003, device='cuda:0', grad_fn=<MeanBackward0>)
==> EPOCH N*85
tensor(0.0007, device='cuda:0', grad_fn=<MeanBackward0>)
==> EPOCH N*86
tensor(0.0001, device='cuda:0', grad_fn=<MeanBackward0>)
==> EPOCH N*87
tensor(0.0009, device='cuda:0', grad_fn=<MeanBackward0>)
==> EPOCH N*88
tensor(0.0022, device='cuda:0', grad_fn=<MeanBackward0>)
==> EPOCH N*89
tensor(0.0002, device='cuda:0', grad_fn=<MeanBackward0>)
==> EPOCH N*90
tensor(0.0008, device='cuda:0', grad_fn=<MeanBackward0>)
==> EPOCH N*91
tensor(0.0015, device='cuda:0', grad_fn=<MeanBackward0>)
==> EPOCH N*92
tensor(0.0020, device='cuda:0', grad_fn=<MeanBackward0>)
==> EPOCH N*93
tensor(0.0001, device='cuda:0', grad_fn=<MeanBackward0>)
==> EPOCH N*94
tensor(0.0006, device='cuda:0', grad_fn=<MeanBackward0>)
==> EPOCH N*95
tensor(0.0004, device='cuda:0', grad_fn=<MeanBackward0>)
==> EPOCH N*96
tensor(0.0004, device='cuda:0', grad_fn=<MeanBackward0>)
==> EPOCH N*97
tensor(0.0084, device='cuda:0', grad_fn=<MeanBackward0>)
==> EPOCH N*98
tensor(0.0009, device='cuda:0', grad_fn=<MeanBackward0>)
==> EPOCH N*99
tensor(0.0004, device='cuda:0', grad_fn=<MeanBackward0>)
==> EPOCH N*100
tensor(0.0030, device='cuda:0', grad_fn=<MeanBackward0>)
==> EPOCH N*101
tensor(3.6433e-05, device='cuda:0', grad_fn=<MeanBackward0>)
==> EPOCH N*102
tensor(0.0002, device='cuda:0', grad_fn=<MeanBackward0>)
==> EPOCH N*103
tensor(0.0032, device='cuda:0', grad_fn=<MeanBackward0>)
==> EPOCH N*104
tensor(0.0005, device='cuda:0', grad_fn=<MeanBackward0>)
==> EPOCH N*105
tensor(0.0013, device='cuda:0', grad_fn=<MeanBackward0>)
==> EPOCH N*106
tensor(9.3009e-05, device='cuda:0', grad_fn=<MeanBackward0>)
==> EPOCH N*107
tensor(3.7469e-05, device='cuda:0', grad_fn=<MeanBackward0>)
==> EPOCH N*108
tensor(0.0044, device='cuda:0', grad_fn=<MeanBackward0>)
==> EPOCH N*109
tensor(0.0005, device='cuda:0', grad_fn=<MeanBackward0>)
==> EPOCH N*110
tensor(0.0012, device='cuda:0', grad_fn=<MeanBackward0>)
==> EPOCH N*111
tensor(0.0015, device='cuda:0', grad_fn=<MeanBackward0>)
==> EPOCH N*112
tensor(0.0004, device='cuda:0', grad_fn=<MeanBackward0>)
==> EPOCH N*113
