voxel_monitors.npy
loaded
voxel_toilets.npy
loaded
voxel_desks.npy
loaded
voxel_chairs.npy
loaded
voxel_bathtubs.npy
loaded
voxel_beds.npy
loaded
==> EPOCH N*0
tensor(0.0397, device='cuda:0', grad_fn=<MeanBackward0>)
==> EPOCH N*1
tensor(0.0144, device='cuda:0', grad_fn=<MeanBackward0>)
==> EPOCH N*2
tensor(0.0080, device='cuda:0', grad_fn=<MeanBackward0>)
==> EPOCH N*3
tensor(0.0051, device='cuda:0', grad_fn=<MeanBackward0>)
==> EPOCH N*4
tensor(0.0033, device='cuda:0', grad_fn=<MeanBackward0>)
==> EPOCH N*5
tensor(0.0038, device='cuda:0', grad_fn=<MeanBackward0>)
==> EPOCH N*6
tensor(0.0021, device='cuda:0', grad_fn=<MeanBackward0>)
==> EPOCH N*7
tensor(0.0055, device='cuda:0', grad_fn=<MeanBackward0>)
==> EPOCH N*8
tensor(0.0006, device='cuda:0', grad_fn=<MeanBackward0>)
==> EPOCH N*9
tensor(0.0015, device='cuda:0', grad_fn=<MeanBackward0>)
==> EPOCH N*10
tensor(0.0004, device='cuda:0', grad_fn=<MeanBackward0>)
==> EPOCH N*11
tensor(0.0006, device='cuda:0', grad_fn=<MeanBackward0>)
==> EPOCH N*12
tensor(0.0009, device='cuda:0', grad_fn=<MeanBackward0>)
==> EPOCH N*13
tensor(0.0078, device='cuda:0', grad_fn=<MeanBackward0>)
==> EPOCH N*14
tensor(0.0057, device='cuda:0', grad_fn=<MeanBackward0>)
==> EPOCH N*15
tensor(0.0023, device='cuda:0', grad_fn=<MeanBackward0>)
==> EPOCH N*16
tensor(0.0039, device='cuda:0', grad_fn=<MeanBackward0>)
==> EPOCH N*17
tensor(0.0013, device='cuda:0', grad_fn=<MeanBackward0>)
==> EPOCH N*18
tensor(0.0002, device='cuda:0', grad_fn=<MeanBackward0>)
==> EPOCH N*19
tensor(0.0021, device='cuda:0', grad_fn=<MeanBackward0>)
==> EPOCH N*20
tensor(0.0019, device='cuda:0', grad_fn=<MeanBackward0>)
==> EPOCH N*21
tensor(0.0041, device='cuda:0', grad_fn=<MeanBackward0>)
==> EPOCH N*22
tensor(0.0002, device='cuda:0', grad_fn=<MeanBackward0>)
==> EPOCH N*23
tensor(0.0027, device='cuda:0', grad_fn=<MeanBackward0>)
==> EPOCH N*24
tensor(0.0113, device='cuda:0', grad_fn=<MeanBackward0>)
==> EPOCH N*25
tensor(0.0023, device='cuda:0', grad_fn=<MeanBackward0>)
==> EPOCH N*26
tensor(0.0006, device='cuda:0', grad_fn=<MeanBackward0>)
==> EPOCH N*27
